2025-12-02 10:30:20 INFO  BaseTest:82 - Log4j initialized for this run: 2025_12_02_10-30-20
2025-12-02 10:30:20 INFO  BaseTest:56 - Browser initialize
2025-12-02 10:30:27 INFO  BaseTest:36 - Login TestCases started
2025-12-02 10:30:31 INFO  BaseTest:39 - Entered credentials
2025-12-02 10:30:38 INFO  BaseTest:42 - Verify login
2025-12-02 10:30:38 INFO  BaseTest:45 - Login successful
2025-12-02 10:30:38 INFO  BaseTest:270 - Add to Cart Test Start
2025-12-02 10:30:38 INFO  BaseTest:271 - Adding Items to Cart
2025-12-02 10:30:45 INFO  BaseTest:273 - Navigating to Cart Page
2025-12-02 10:30:47 INFO  BaseTest:275 - CheckOut with Ronak Yadav 401209
2025-12-02 10:30:57 INFO  BaseTest:277 - Verifying if the price is 103.65 or not.
2025-12-02 10:31:06 INFO  BaseTest:280 - Add to Cart test Ended
2025-12-02 10:31:10 INFO  BaseTest:57 - Login TestCases ended
2025-12-02 10:31:10 INFO  BaseTest:36 - Login TestCases started
2025-12-02 10:31:14 INFO  BaseTest:39 - Entered credentials
2025-12-02 10:31:21 INFO  BaseTest:42 - Verify login
2025-12-02 10:31:21 INFO  BaseTest:45 - Login successful
2025-12-02 10:31:21 INFO  BaseTest:270 - Add to Cart Test Start
2025-12-02 10:31:21 INFO  BaseTest:271 - Adding Items to Cart
2025-12-02 10:31:27 INFO  BaseTest:273 - Navigating to Cart Page
2025-12-02 10:31:29 INFO  BaseTest:275 - CheckOut with Demo Demo Last Name 401210
2025-12-02 10:31:40 INFO  BaseTest:277 - Verifying if the price is 103.65 or not.
2025-12-02 10:31:49 INFO  BaseTest:280 - Add to Cart test Ended
2025-12-02 10:31:53 INFO  BaseTest:57 - Login TestCases ended
2025-12-02 10:31:53 INFO  BaseTest:68 - Closing browser
