2025-12-02 10:22:39 INFO  BaseTest:82 - Log4j initialized for this run: 2025_12_02_10-22-39
2025-12-02 10:22:39 INFO  BaseTest:56 - Browser initialize
2025-12-02 10:22:48 INFO  BaseTest:36 - Login TestCases started
2025-12-02 10:22:52 INFO  BaseTest:39 - Entered credentials
2025-12-02 10:22:59 INFO  BaseTest:42 - Verify login
2025-12-02 10:22:59 INFO  BaseTest:45 - Login successful
2025-12-02 10:22:59 INFO  BaseTest:270 - Add to Cart Test Start
2025-12-02 10:22:59 INFO  BaseTest:271 - Adding Items to Cart
2025-12-02 10:23:05 INFO  BaseTest:273 - Navigating to Cart Page
2025-12-02 10:23:07 INFO  BaseTest:275 - CheckOut with Ronak Yadav 401209
2025-12-02 10:23:17 INFO  BaseTest:277 - Verifying if the price is 103.65 or not.
2025-12-02 10:23:27 INFO  BaseTest:280 - Add to Cart test Ended
2025-12-02 10:23:31 INFO  BaseTest:57 - Login TestCases ended
2025-12-02 10:23:31 INFO  BaseTest:36 - Login TestCases started
2025-12-02 10:23:35 INFO  BaseTest:39 - Entered credentials
2025-12-02 10:23:42 INFO  BaseTest:42 - Verify login
2025-12-02 10:23:42 INFO  BaseTest:45 - Login successful
2025-12-02 10:23:42 INFO  BaseTest:270 - Add to Cart Test Start
2025-12-02 10:23:42 INFO  BaseTest:271 - Adding Items to Cart
2025-12-02 10:23:48 INFO  BaseTest:273 - Navigating to Cart Page
2025-12-02 10:23:50 INFO  BaseTest:275 - CheckOut with Demo Demo Last Name 401210
2025-12-02 10:24:00 INFO  BaseTest:277 - Verifying if the price is 103.65 or not.
2025-12-02 10:24:09 INFO  BaseTest:280 - Add to Cart test Ended
2025-12-02 10:24:13 INFO  BaseTest:57 - Login TestCases ended
2025-12-02 10:24:13 INFO  BaseTest:68 - Closing browser
