2025-12-02 10:00:02 INFO  BaseTest:82 - Log4j initialized for this run: 2025_12_02_10-00-02
2025-12-02 10:00:02 INFO  BaseTest:56 - Browser initialize
2025-12-02 10:00:22 INFO  BaseTest:36 - Login TestCases started
2025-12-02 10:00:26 INFO  BaseTest:39 - Entered credentials
2025-12-02 10:00:28 INFO  BaseTest:42 - Verify login
2025-12-02 10:00:28 INFO  BaseTest:45 - Login successful
2025-12-02 10:00:28 INFO  BaseTest:270 - Add to Cart Test Start
2025-12-02 10:00:28 INFO  BaseTest:271 - Adding Items to Cart
2025-12-02 10:00:34 INFO  BaseTest:273 - Navigating to Cart Page
2025-12-02 10:00:36 INFO  BaseTest:275 - CheckOut with Ronak Yadav 401209
2025-12-02 10:00:47 INFO  BaseTest:277 - Verifying if the price is 103.65 or not.
2025-12-02 10:00:51 INFO  BaseTest:280 - Add to Cart test Ended
2025-12-02 10:00:55 INFO  BaseTest:57 - Login TestCases ended
2025-12-02 10:00:55 INFO  BaseTest:36 - Login TestCases started
2025-12-02 10:00:59 INFO  BaseTest:39 - Entered credentials
2025-12-02 10:01:01 INFO  BaseTest:42 - Verify login
2025-12-02 10:01:01 INFO  BaseTest:45 - Login successful
2025-12-02 10:01:01 INFO  BaseTest:270 - Add to Cart Test Start
2025-12-02 10:01:01 INFO  BaseTest:271 - Adding Items to Cart
2025-12-02 10:01:07 INFO  BaseTest:273 - Navigating to Cart Page
2025-12-02 10:01:09 INFO  BaseTest:275 - CheckOut with Demo Demo Last Name 401210
2025-12-02 10:01:19 INFO  BaseTest:277 - Verifying if the price is 103.65 or not.
2025-12-02 10:01:23 INFO  BaseTest:280 - Add to Cart test Ended
2025-12-02 10:01:27 INFO  BaseTest:57 - Login TestCases ended
2025-12-02 10:01:27 INFO  BaseTest:68 - Closing browser
